[20231226 16:59:22:766][INFO ][o.h.validator.internal.util.Version] HV000001: Hibernate Validator 8.0.1.Final
[20231226 16:59:22:788][INFO ][c.m.m.SpringToastTestApplicationTests] Starting SpringToastTestApplicationTests using Java 19 with PID 30332 (started by sleek in D:\intel\springToastTest)
[20231226 16:59:22:790][INFO ][c.m.m.SpringToastTestApplicationTests] No active profile set, falling back to 1 default profile: "default"
[20231226 16:59:23:882][INFO ][o.s.d.r.c.RepositoryConfigurationDelegate] Bootstrapping Spring Data JPA repositories in DEFAULT mode.
[20231226 16:59:23:907][INFO ][o.s.d.r.c.RepositoryConfigurationDelegate] Finished Spring Data repository scanning in 16 ms. Found 0 JPA repository interfaces.
[20231226 16:59:24:351][INFO ][com.zaxxer.hikari.HikariDataSource] HikariPool-1 - Starting...
[20231226 16:59:24:594][INFO ][com.zaxxer.hikari.pool.HikariPool] HikariPool-1 - Added connection conn0: url=jdbc:h2:mem:f7c4c6dc-9a79-4642-8ab0-7c3f2e9109b4 user=SA
[20231226 16:59:24:596][INFO ][com.zaxxer.hikari.HikariDataSource] HikariPool-1 - Start completed.
[20231226 16:59:24:640][INFO ][o.hibernate.jpa.internal.util.LogHelper] HHH000204: Processing PersistenceUnitInfo [name: default]
[20231226 16:59:24:691][INFO ][org.hibernate.Version] HHH000412: Hibernate ORM core version 6.4.1.Final
[20231226 16:59:24:723][INFO ][o.h.c.internal.RegionFactoryInitiator] HHH000026: Second-level cache disabled
[20231226 16:59:24:941][INFO ][o.s.o.j.p.SpringPersistenceUnitInfo] No LoadTimeWeaver setup: ignoring JPA class transformer
[20231226 16:59:25:306][INFO ][o.h.e.t.j.p.i.JtaPlatformInitiator] HHH000489: No JTA platform available (set 'hibernate.transaction.jta.platform' to enable JTA platform integration)
[20231226 16:59:25:311][INFO ][o.s.o.j.LocalContainerEntityManagerFactoryBean] Initialized JPA EntityManagerFactory for persistence unit 'default'
[20231226 16:59:25:492][WARN ][o.s.b.a.o.j.JpaBaseConfiguration$JpaWebConfiguration] spring.jpa.open-in-view is enabled by default. Therefore, database queries may be performed during view rendering. Explicitly configure spring.jpa.open-in-view to disable this warning
[20231226 16:59:26:172][INFO ][o.s.s.web.DefaultSecurityFilterChain] Will secure any request with [org.springframework.security.web.session.DisableEncodeUrlFilter@504274c1, org.springframework.security.web.context.request.async.WebAsyncManagerIntegrationFilter@16e5c19f, org.springframework.security.web.context.SecurityContextHolderFilter@d43f205, org.springframework.security.web.header.HeaderWriterFilter@33478a2f, org.springframework.web.filter.CorsFilter@59263f7b, org.springframework.security.web.csrf.CsrfFilter@2fbd47b7, org.springframework.security.web.authentication.logout.LogoutFilter@7388486e, org.springframework.security.web.authentication.UsernamePasswordAuthenticationFilter@35198da3, org.springframework.security.web.authentication.ui.DefaultLoginPageGeneratingFilter@5e94947e, org.springframework.security.web.authentication.ui.DefaultLogoutPageGeneratingFilter@7ddcd3d, org.springframework.security.web.authentication.www.BasicAuthenticationFilter@4e111e08, org.springframework.security.web.savedrequest.RequestCacheAwareFilter@3efd3302, org.springframework.security.web.servletapi.SecurityContextHolderAwareRequestFilter@531292ed, org.springframework.security.web.authentication.AnonymousAuthenticationFilter@447a557b, org.springframework.security.web.access.ExceptionTranslationFilter@53654b2d, org.springframework.security.web.access.intercept.AuthorizationFilter@32d46229]
[20231226 16:59:26:275][INFO ][c.m.m.SpringToastTestApplicationTests] Started SpringToastTestApplicationTests in 4.231 seconds (process running for 5.673)
[20231226 16:59:27:275][INFO ][o.s.o.j.LocalContainerEntityManagerFactoryBean] Closing JPA EntityManagerFactory for persistence unit 'default'
[20231226 16:59:27:279][INFO ][com.zaxxer.hikari.HikariDataSource] HikariPool-1 - Shutdown initiated...
[20231226 16:59:27:282][INFO ][com.zaxxer.hikari.HikariDataSource] HikariPool-1 - Shutdown completed.
